Mon Jul 20 19:10:19 EDT 2020
i21a-s3.ufhpc
/blue/adamginsburg/abulatek/project_paschen_alpha
System xterm is avialable on all gui nodes.

Searching for an available X11 port number
ls: cannot access /tmp/.mount_CARTA.SLyNdD: Permission denied
ls: cannot access /tmp/.mount_CARTA.GFDEwe: Permission denied

X11 port number '21429 has been selected
Starting Xpra on port 21429 within SLURM job '56013899'

Command: xpra start :21429 --encoding=auto --quality=80 --html=on --ws-auth=env --exit-with-children=yes --bind-ws=127.0.0.1:21429 --daemon=no --systemd-run=no --dbus-proxy=no --dbus-control=no  --dpi=96 --start-child="xterm"
2020-07-20 19:10:22,519 Warning: failed to create script directory '/scratch/local/21249/xpra':
2020-07-20 19:10:22,519  [Errno 2] No such file or directory: '/scratch/local/21249/xpra'
2020-07-20 19:10:22,560 cannot access python uinput module:
2020-07-20 19:10:22,560  No module named uinput

X.Org X Server 1.20.4
X Protocol Version 11, Revision 0
Build Operating System:  3.10.0-862.6.3.el7.x86_64 
Current Operating System: Linux i21a-s3.ufhpc 3.10.0-1062.18.1.el7.x86_64 #1 SMP Wed Feb 12 14:08:31 UTC 2020 x86_64
Kernel command line: BOOT_IMAGE=/vmlinuz-3.10.0-1062.18.1.el7.x86_64 root=UUID=64e3026f-26d3-4516-b3bd-9ef30c9b0a93 ro max_loop=32 crashkernel=auto console=ttyS0,115200n8 console=tty0 elevator=deadline pcie_aspm=off transparent_hugepage=never rd_NO_DM
Build Date: 28 May 2019  07:13:18PM
Build ID: xorg-x11-server 1.20.4-7.el7 
Current version of pixman: 0.34.0
	Before reporting problems, check http://wiki.x.org
	to make sure that you have the latest version.
Markers: (--) probed, (**) from config file, (==) default setting,
	(++) from command line, (!!) notice, (II) informational,
	(WW) warning, (EE) error, (NI) not implemented, (??) unknown.
(++) Log file: "/home/abulatek/.xpra/Xorg.:21429.log", Time: Mon Jul 20 19:10:22 2020
(++) Using config file: "/etc/xpra/xorg.conf"
(==) Using system config directory "/usr/share/X11/xorg.conf.d"
2020-07-20 19:10:26,764 created unix domain socket: /home/abulatek/.xpra/i21a-s3.ufhpc-21429
2020-07-20 19:10:26,764 Warning: missing sound module
2020-07-20 19:10:26,816 pointer device emulation using XTest
2020-07-20 19:10:26,824 serving html content from: /usr/share/xpra/www
2020-07-20 19:10:27,515  OpenGL is supported on display ':21429'
2020-07-20 19:10:27,516  using 'llvmpipe (LLVM 7.0, 256 bits)' renderer
2020-07-20 19:10:27,522 D-Bus notification forwarding is available
2020-07-20 19:10:27,557 Warning: cannot use application menu data:
2020-07-20 19:10:27,557  no python-xdg module
2020-07-20 19:10:27,560 xpra GTK2 X11 version 2.5.1-r22431 64-bit
2020-07-20 19:10:27,561  uid=21249 (abulatek), gid=3389 (adamginsburg)
2020-07-20 19:10:27,561  running with pid 26630 on Linux RedHatEnterpriseServer 7.7 Maipo
2020-07-20 19:10:27,561  connected to X11 display :21429 with 24 bit colors
2020-07-20 19:10:27,576 xpra is ready.
2020-07-20 19:10:27,637 started command 'xterm' with pid 27070
xterm: cannot load font '-misc-fixed-medium-r-semicondensed--13-120-75-75-c-60-iso10646-1'
2020-07-20 19:10:27,762 125.3GB of system memory
2020-07-20 19:33:28,433 Authentication required by env authenticator module 1
2020-07-20 19:33:28,433  sending challenge for username 'abulatek' using hmac+sha256 digest
2020-07-20 19:33:28,507 Handshake complete; enabling connection
2020-07-20 19:33:28,514  automatic picture encoding enabled, also available:
2020-07-20 19:33:28,514   jpeg, png, rgb32, webp, h264, mpeg1
2020-07-20 19:33:28,516 HTML5 Mac OSX Chrome client version 2.5.1
2020-07-20 19:33:28,540 setting keyboard layout to 'us'
2020-07-20 19:33:28,566  client root window size is 1280x689 with 1 display:
2020-07-20 19:33:28,567   HTML (339x182 mm - DPI: 95x96)
2020-07-20 19:33:28,567     Canvas
2020-07-20 19:33:28,609 server virtual display now set to 1216x640 (best match for 1280x689)
2020-07-20 19:33:28,652 DPI set to 96 x 96
2020-07-20 19:33:28,765 client got hello: server version 2.5.1 accepted our connection
2020-07-20 19:33:28,771 client connection_progress( Session started ,   ,  100 )
2020-07-20 19:33:28,795 client startup complete
2020-07-20 19:33:28,795 client connection-established
2020-07-20 19:38:28,920 Disconnecting client WebSocket(ws socket: 127.0.0.1:21429 <- 127.0.0.1:47244):
2020-07-20 19:38:28,920  client ping timeout (waited 60 seconds without a response)
2020-07-20 19:38:28,921 xpra client 1 disconnected.
2020-07-20 19:52:24,653 Authentication required by env authenticator module 1
2020-07-20 19:52:24,654  sending challenge for username 'abulatek' using hmac+sha256 digest
2020-07-20 19:52:24,731 Handshake complete; enabling connection
2020-07-20 19:52:24,733  automatic picture encoding enabled, also available:
2020-07-20 19:52:24,733   jpeg, png, rgb32, webp, h264, mpeg1
2020-07-20 19:52:24,735 HTML5 Mac OSX Chrome client version 2.5.1
2020-07-20 19:52:24,738 keyboard mapping already configured (skipped)
2020-07-20 19:52:24,738  client root window size is 1280x689 with 1 display:
2020-07-20 19:52:24,739   HTML (339x182 mm - DPI: 95x96)
2020-07-20 19:52:24,739     Canvas
2020-07-20 19:52:24,745 best resolution matching 1280x689 is unchanged: 1216x640
2020-07-20 19:52:24,896 client got hello: server version 2.5.1 accepted our connection
2020-07-20 19:52:24,903 client connection_progress( Session started ,   ,  100 )
2020-07-20 19:52:24,924 client startup complete
2020-07-20 19:52:24,924 client connection-established
2020-07-20 19:52:30,064 client visibilitychange hidden= true
2020-07-20 19:55:15,035 client visibilitychange hidden= false
2020-07-20 19:55:16,435 client visibilitychange hidden= true
2020-07-20 19:55:41,992 client visibilitychange hidden= false
2020-07-20 19:55:42,196 client visibilitychange hidden= true
2020-07-20 19:55:42,349 client visibilitychange hidden= false
2020-07-20 19:55:42,612 temporarily switching to 640x1216 as a Xinerama workaround
2020-07-20 19:55:42,654 server virtual display now set to 1216x640 (best match for 1280x666)
2020-07-20 19:55:42,654 received updated display dimensions
2020-07-20 19:55:42,655 client display size is 1280x666 with 1 screen:
2020-07-20 19:55:42,655   HTML (339x176 mm - DPI: 95x96)
2020-07-20 19:55:42,655     Canvas
2020-07-20 19:55:42,658 DPI set to 96 x 96
2020-07-20 19:55:43,148 client visibilitychange hidden= true
2020-07-20 19:55:43,714 client visibilitychange hidden= false
2020-07-20 19:55:43,741 temporarily switching to 640x1216 as a Xinerama workaround
2020-07-20 19:55:43,782 server virtual display now set to 1216x640 (best match for 1280x689)
2020-07-20 19:55:43,782 received updated display dimensions
2020-07-20 19:55:43,782 client display size is 1280x689 with 1 screen:
2020-07-20 19:55:43,782   HTML (339x182 mm - DPI: 95x96)
2020-07-20 19:55:43,782     Canvas
2020-07-20 19:55:43,789 DPI set to 96 x 96
2020-07-20 19:55:44,490 client visibilitychange hidden= true
2020-07-20 19:55:48,961 client visibilitychange hidden= false
2020-07-20 19:55:49,524 Warning: sanitizing invalid gtk selection
2020-07-20 19:55:49,524  format=0x1f, type=0x2bd89c0, length=-0x1
2020-07-20 19:55:49,525 Warning: sanitizing invalid gtk selection
2020-07-20 19:55:49,525  format=0x1f, type=0x2bd89c0, length=-0x1
2020-07-20 19:56:15,217 client visibilitychange hidden= true
2020-07-20 19:56:17,522 client visibilitychange hidden= false
2020-07-20 19:56:19,072 client visibilitychange hidden= true
2020-07-20 19:56:19,765 client visibilitychange hidden= false
2020-07-20 19:56:48,763 Warning: cannot use application menu data:
2020-07-20 19:56:48,763  no python-xdg module
2020-07-20 19:56:55,983 client broadway decoder initialized
2020-07-20 19:56:57,155 client broadway decoder initialized
2020-07-20 19:56:57,926 client broadway decoder initialized
2020-07-20 19:56:58,265 client broadway decoder initialized
2020-07-20 19:59:14,501 client broadway decoder initialized
2020-07-20 19:59:17,525 client broadway decoder initialized
2020-07-20 19:59:20,472 client broadway decoder initialized
2020-07-20 19:59:24,716 client broadway decoder initialized
2020-07-20 19:59:24,856 client broadway decoder initialized
2020-07-20 19:59:24,993 client broadway decoder initialized
2020-07-20 19:59:25,803 client broadway decoder initialized
2020-07-20 19:59:26,557 client broadway decoder initialized
2020-07-20 19:59:35,355 client broadway decoder initialized
2020-07-20 19:59:41,835 client broadway decoder initialized
2020-07-20 19:59:41,905 client broadway decoder initialized
2020-07-20 19:59:42,174 client broadway decoder initialized
2020-07-20 19:59:49,746 client broadway decoder initialized
2020-07-20 19:59:52,879 client broadway decoder initialized
2020-07-20 19:59:54,064 client broadway decoder initialized
2020-07-20 19:59:54,309 client broadway decoder initialized
2020-07-20 19:59:55,513 client broadway decoder initialized
2020-07-20 20:00:08,813 client broadway decoder initialized
2020-07-20 20:00:09,268 client broadway decoder initialized
2020-07-20 20:00:14,120 client broadway decoder initialized
2020-07-20 20:06:32,909 client broadway decoder initialized
2020-07-20 20:06:32,993 client broadway decoder initialized
2020-07-20 20:06:33,297 client broadway decoder initialized
2020-07-20 20:06:40,993 client visibilitychange hidden= true
2020-07-20 20:07:19,314 client visibilitychange hidden= false
2020-07-20 20:08:47,373 client broadway decoder initialized
2020-07-20 20:08:59,936 client broadway decoder initialized
2020-07-20 20:09:03,408 client broadway decoder initialized
2020-07-20 20:09:03,905 client broadway decoder initialized
2020-07-20 20:09:05,085 client broadway decoder initialized
2020-07-20 20:09:09,211 client broadway decoder initialized
2020-07-20 20:09:24,284 client broadway decoder initialized
2020-07-20 20:09:24,450 client broadway decoder initialized
2020-07-20 20:09:24,572 client broadway decoder initialized
2020-07-20 20:09:24,987 client broadway decoder initialized
2020-07-20 20:09:25,161 client broadway decoder initialized
2020-07-20 20:09:26,102 client broadway decoder initialized
2020-07-20 20:10:03,561 client broadway decoder initialized
2020-07-20 20:10:05,397 client broadway decoder initialized
2020-07-20 20:10:05,456 client broadway decoder initialized
2020-07-20 20:10:05,532 client broadway decoder initialized
2020-07-20 20:10:07,451 client broadway decoder initialized
2020-07-20 20:10:07,536 client broadway decoder initialized
2020-07-20 20:10:07,753 client broadway decoder initialized
2020-07-20 20:10:09,801 client broadway decoder initialized
2020-07-20 20:10:11,367 client broadway decoder initialized
2020-07-20 20:10:12,187 client broadway decoder initialized
2020-07-20 20:10:16,304 client broadway decoder initialized
2020-07-20 20:10:18,750 client broadway decoder initialized
2020-07-20 20:10:18,882 client broadway decoder initialized
2020-07-20 20:10:21,220 client broadway decoder initialized
2020-07-20 20:10:21,333 client broadway decoder initialized
2020-07-20 20:10:22,390 client broadway decoder initialized
2020-07-20 20:10:22,754 client broadway decoder initialized
2020-07-20 20:10:22,914 client broadway decoder initialized
2020-07-20 20:10:24,131 client broadway decoder initialized
2020-07-20 20:10:42,602 client broadway decoder initialized
2020-07-20 20:10:44,089 client broadway decoder initialized
2020-07-20 20:10:44,369 client broadway decoder initialized
2020-07-20 20:10:44,472 client broadway decoder initialized
2020-07-20 20:10:45,859 client broadway decoder initialized
2020-07-20 20:10:46,996 client broadway decoder initialized
2020-07-20 20:10:47,939 client broadway decoder initialized
2020-07-20 20:10:48,981 client broadway decoder initialized
2020-07-20 20:10:49,410 client broadway decoder initialized
2020-07-20 20:10:52,301 client broadway decoder initialized
2020-07-20 20:10:52,503 client broadway decoder initialized
2020-07-20 20:10:52,948 client broadway decoder initialized
2020-07-20 20:10:53,115 client broadway decoder initialized
2020-07-20 20:10:57,722 client broadway decoder initialized
2020-07-20 20:10:58,152 client broadway decoder initialized
2020-07-20 20:10:58,273 client broadway decoder initialized
2020-07-20 20:10:58,388 client broadway decoder initialized
2020-07-20 20:11:11,352 client broadway decoder initialized
2020-07-20 20:11:12,140 client broadway decoder initialized
2020-07-20 20:11:12,206 client broadway decoder initialized
2020-07-20 20:11:12,212 client broadway decoder initialized
2020-07-20 20:11:26,035 client broadway decoder initialized
2020-07-20 20:11:26,869 client broadway decoder initialized
2020-07-20 20:11:28,023 client broadway decoder initialized
2020-07-20 20:11:33,002 client broadway decoder initialized
2020-07-20 20:11:33,176 client broadway decoder initialized
2020-07-20 20:11:39,338 client broadway decoder initialized
2020-07-20 20:11:39,518 client broadway decoder initialized
2020-07-20 20:11:39,596 client broadway decoder initialized
2020-07-20 20:11:39,659 client broadway decoder initialized
2020-07-20 20:11:40,362 client broadway decoder initialized
2020-07-20 20:11:40,454 client broadway decoder initialized
2020-07-20 20:11:40,561 client broadway decoder initialized
2020-07-20 20:11:40,662 client broadway decoder initialized
2020-07-20 20:11:41,015 client broadway decoder initialized
2020-07-20 20:11:41,149 client broadway decoder initialized
2020-07-20 20:11:41,377 client broadway decoder initialized
2020-07-20 20:11:41,503 client broadway decoder initialized
2020-07-20 20:11:49,304 client broadway decoder initialized
2020-07-20 20:11:49,404 client broadway decoder initialized
2020-07-20 20:11:50,621 client broadway decoder initialized
2020-07-20 20:11:50,714 client broadway decoder initialized
2020-07-20 20:11:50,844 client broadway decoder initialized
2020-07-20 20:11:53,183 client broadway decoder initialized
2020-07-20 20:11:53,265 client broadway decoder initialized
2020-07-20 20:11:53,662 client broadway decoder initialized
2020-07-20 20:11:54,316 client broadway decoder initialized
2020-07-20 20:11:54,650 client broadway decoder initialized
2020-07-20 20:11:55,524 client broadway decoder initialized
2020-07-20 20:11:59,254 client broadway decoder initialized
2020-07-20 20:12:01,830 client broadway decoder initialized
2020-07-20 20:12:02,002 client broadway decoder initialized
2020-07-20 20:12:04,233 client broadway decoder initialized
2020-07-20 20:12:05,472 client broadway decoder initialized
2020-07-20 20:12:11,896 client broadway decoder initialized
2020-07-20 20:12:12,013 client broadway decoder initialized
2020-07-20 20:12:12,241 client broadway decoder initialized
2020-07-20 20:12:14,823 client broadway decoder initialized
2020-07-20 20:12:15,170 client broadway decoder initialized
2020-07-20 20:12:15,908 client broadway decoder initialized
2020-07-20 20:12:21,074 client broadway decoder initialized
2020-07-20 20:12:33,222 client broadway decoder initialized
2020-07-20 20:12:33,850 client broadway decoder initialized
2020-07-20 20:12:33,931 client broadway decoder initialized
2020-07-20 20:12:34,039 client broadway decoder initialized
2020-07-20 20:12:34,404 client broadway decoder initialized
2020-07-20 20:12:34,546 client broadway decoder initialized
2020-07-20 20:12:35,206 client broadway decoder initialized
2020-07-20 20:12:43,349 client broadway decoder initialized
2020-07-20 20:12:45,120 client broadway decoder initialized
2020-07-20 20:12:45,316 client broadway decoder initialized
2020-07-20 20:12:46,909 client broadway decoder initialized
2020-07-20 20:12:47,329 client broadway decoder initialized
2020-07-20 20:12:49,484 client broadway decoder initialized
2020-07-20 20:12:50,203 client broadway decoder initialized
2020-07-20 20:12:51,917 client broadway decoder initialized
2020-07-20 20:12:52,247 client broadway decoder initialized
2020-07-20 20:12:55,237 client broadway decoder initialized
2020-07-20 20:12:55,400 client broadway decoder initialized
2020-07-20 20:12:55,418 client broadway decoder initialized
2020-07-20 20:12:55,556 client broadway decoder initialized
2020-07-20 20:12:55,711 client broadway decoder initialized
2020-07-20 20:12:55,911 client broadway decoder initialized
2020-07-20 20:12:56,233 client broadway decoder initialized
2020-07-20 20:12:56,349 client broadway decoder initialized
2020-07-20 20:12:56,459 client broadway decoder initialized
2020-07-20 20:12:56,583 client broadway decoder initialized
2020-07-20 20:12:56,624 client broadway decoder initialized
2020-07-20 20:12:56,775 client broadway decoder initialized
2020-07-20 20:12:57,006 client broadway decoder initialized
2020-07-20 20:12:57,123 client broadway decoder initialized
2020-07-20 20:12:59,395 client broadway decoder initialized
2020-07-20 20:13:07,665 client broadway decoder initialized
2020-07-20 20:13:09,576 client broadway decoder initialized
2020-07-20 20:13:09,789 client broadway decoder initialized
2020-07-20 20:13:13,451 client broadway decoder initialized
2020-07-20 20:13:16,247 client broadway decoder initialized
2020-07-20 20:13:16,484 client broadway decoder initialized
2020-07-20 20:13:17,444 client broadway decoder initialized
2020-07-20 20:13:20,653 client broadway decoder initialized
2020-07-20 20:13:21,258 client broadway decoder initialized
2020-07-20 20:13:22,109 client broadway decoder initialized
2020-07-20 20:13:23,126 client broadway decoder initialized
2020-07-20 20:13:35,264 client broadway decoder initialized
2020-07-20 20:13:36,204 client broadway decoder initialized
2020-07-20 20:13:41,059 client broadway decoder initialized
2020-07-20 20:13:43,403 client broadway decoder initialized
2020-07-20 20:13:47,749 client broadway decoder initialized
2020-07-20 20:13:48,263 client broadway decoder initialized
2020-07-20 20:13:50,002 client broadway decoder initialized
2020-07-20 20:13:50,669 client broadway decoder initialized
2020-07-20 20:13:52,190 client broadway decoder initialized
2020-07-20 20:13:52,442 client broadway decoder initialized
2020-07-20 20:13:54,853 client broadway decoder initialized
2020-07-20 20:13:55,018 client broadway decoder initialized
2020-07-20 20:13:55,205 client broadway decoder initialized
2020-07-20 20:13:55,336 client broadway decoder initialized
2020-07-20 20:13:56,077 client broadway decoder initialized
2020-07-20 20:13:56,218 client broadway decoder initialized
2020-07-20 20:13:56,237 client broadway decoder initialized
2020-07-20 20:13:56,320 client broadway decoder initialized
2020-07-20 20:15:13,253 client broadway decoder initialized
2020-07-20 20:15:15,652 client broadway decoder initialized
2020-07-20 20:15:17,721 client broadway decoder initialized
2020-07-20 20:15:18,281 client broadway decoder initialized
2020-07-20 20:15:19,607 client broadway decoder initialized
2020-07-20 20:15:20,318 client broadway decoder initialized
2020-07-20 20:15:21,058 client broadway decoder initialized
2020-07-20 20:15:22,446 client broadway decoder initialized
2020-07-20 20:15:24,221 client broadway decoder initialized
2020-07-20 20:15:24,406 client broadway decoder initialized
2020-07-20 20:15:24,522 client broadway decoder initialized
2020-07-20 20:15:24,667 client broadway decoder initialized
2020-07-20 20:15:25,587 client broadway decoder initialized
2020-07-20 20:15:25,719 client broadway decoder initialized
2020-07-20 20:15:25,825 client broadway decoder initialized
2020-07-20 20:15:25,970 client broadway decoder initialized
2020-07-20 20:35:37,206 client broadway decoder initialized
2020-07-20 20:35:37,212 client broadway decoder initialized
2020-07-20 20:35:37,284 client broadway decoder initialized
2020-07-20 20:35:37,584 client broadway decoder initialized
2020-07-20 20:35:40,880 client broadway decoder initialized
2020-07-20 20:35:41,840 client broadway decoder initialized
2020-07-20 20:35:41,934 client broadway decoder initialized
2020-07-20 20:36:17,483 temporarily switching to 640x1216 as a Xinerama workaround
2020-07-20 20:36:17,534 server virtual display now set to 1216x640 (best match for 1280x645)
2020-07-20 20:36:17,534 received updated display dimensions
2020-07-20 20:36:17,534 client display size is 1280x645 with 1 screen:
2020-07-20 20:36:17,534   HTML (339x171 mm - DPI: 95x95)
2020-07-20 20:36:17,534     Canvas
2020-07-20 20:36:17,538 DPI set to 96 x 96
2020-07-20 20:36:18,447 temporarily switching to 640x1216 as a Xinerama workaround
2020-07-20 20:36:18,496 server virtual display now set to 1216x640 (best match for 1280x689)
2020-07-20 20:36:18,496 received updated display dimensions
2020-07-20 20:36:18,496 client display size is 1280x689 with 1 screen:
2020-07-20 20:36:18,496   HTML (339x182 mm - DPI: 95x96)
2020-07-20 20:36:18,496     Canvas
2020-07-20 20:36:18,500 DPI set to 96 x 96
2020-07-20 20:36:18,648 client broadway decoder initialized
2020-07-20 20:36:18,732 client broadway decoder initialized
2020-07-20 20:43:07,581 client broadway decoder initialized
2020-07-20 21:00:49,661 client visibilitychange hidden= true
2020-07-20 21:08:02,433 client visibilitychange hidden= false
2020-07-20 21:08:04,647 temporarily switching to 640x1216 as a Xinerama workaround
2020-07-20 21:08:04,697 server virtual display now set to 1216x640 (best match for 1280x645)
2020-07-20 21:08:04,697 received updated display dimensions
2020-07-20 21:08:04,697 client display size is 1280x645 with 1 screen:
2020-07-20 21:08:04,697   HTML (339x171 mm - DPI: 95x95)
2020-07-20 21:08:04,697     Canvas
2020-07-20 21:08:04,700 DPI set to 96 x 96
2020-07-20 21:08:04,897 client broadway decoder initialized
2020-07-20 21:08:05,542 temporarily switching to 640x1216 as a Xinerama workaround
2020-07-20 21:08:05,586 server virtual display now set to 1216x640 (best match for 1280x689)
2020-07-20 21:08:05,587 received updated display dimensions
2020-07-20 21:08:05,587 client display size is 1280x689 with 1 screen:
2020-07-20 21:08:05,587   HTML (339x182 mm - DPI: 95x96)
2020-07-20 21:08:05,587     Canvas
2020-07-20 21:08:05,590 DPI set to 96 x 96
2020-07-20 21:08:50,730 client fullscreenchange: [object HTMLDivElement]
2020-07-20 21:08:51,027 server virtual display now set to 1280x800
2020-07-20 21:08:51,027 received updated display dimensions
2020-07-20 21:08:51,027 client display size is 1280x800 with 1 screen:
2020-07-20 21:08:51,028   HTML (339x212 mm - DPI: 95x95)
2020-07-20 21:08:51,028     Canvas
2020-07-20 21:08:51,030 DPI set to 96 x 96
2020-07-20 21:08:51,186 client broadway decoder initialized
2020-07-20 21:08:51,379 client broadway decoder initialized
2020-07-20 21:08:51,439 client broadway decoder initialized
2020-07-20 21:08:57,072 client broadway decoder initialized
2020-07-20 21:08:57,164 client broadway decoder initialized
2020-07-20 21:08:59,669 client broadway decoder initialized
2020-07-20 21:09:01,619 client broadway decoder initialized
2020-07-20 21:09:02,152 client visibilitychange hidden= true
2020-07-20 21:09:37,146 client visibilitychange hidden= false
2020-07-20 21:09:42,378 client broadway decoder initialized
2020-07-20 21:09:42,451 client broadway decoder initialized
2020-07-20 21:09:47,303 client broadway decoder initialized
2020-07-20 21:09:48,271 client broadway decoder initialized
2020-07-20 21:09:49,162 client broadway decoder initialized
2020-07-20 21:09:49,856 client broadway decoder initialized
2020-07-20 21:09:50,036 client broadway decoder initialized
2020-07-20 21:09:51,952 client broadway decoder initialized
2020-07-20 21:09:53,017 client broadway decoder initialized
2020-07-20 21:09:53,832 client broadway decoder initialized
2020-07-20 21:09:53,961 client broadway decoder initialized
2020-07-20 21:09:54,983 client broadway decoder initialized
2020-07-20 21:09:56,173 client broadway decoder initialized
2020-07-20 21:09:56,467 client broadway decoder initialized
2020-07-20 21:09:56,597 client broadway decoder initialized
2020-07-20 21:09:57,133 client broadway decoder initialized
2020-07-20 21:09:57,333 client broadway decoder initialized
2020-07-20 21:09:59,500 client broadway decoder initialized
2020-07-20 21:11:28,895 client broadway decoder initialized
2020-07-20 21:11:31,359 client broadway decoder initialized
2020-07-20 21:11:31,989 client broadway decoder initialized
2020-07-20 21:11:32,160 client broadway decoder initialized
2020-07-20 21:11:33,039 client broadway decoder initialized
2020-07-20 21:11:33,835 client broadway decoder initialized
2020-07-20 21:11:35,426 client broadway decoder initialized
2020-07-20 21:11:37,284 client broadway decoder initialized
2020-07-20 21:11:37,483 client broadway decoder initialized
2020-07-20 21:11:37,692 client broadway decoder initialized
2020-07-20 21:11:38,695 client broadway decoder initialized
2020-07-20 21:11:38,773 client broadway decoder initialized
2020-07-20 21:11:39,265 client broadway decoder initialized
2020-07-20 21:11:39,331 client broadway decoder initialized
2020-07-20 21:11:39,546 client broadway decoder initialized
2020-07-20 21:11:40,078 client broadway decoder initialized
2020-07-20 21:11:40,248 client broadway decoder initialized
2020-07-20 21:11:41,919 client broadway decoder initialized
2020-07-20 21:11:42,672 client broadway decoder initialized
2020-07-20 21:11:44,106 client broadway decoder initialized
2020-07-20 21:11:45,059 client broadway decoder initialized
2020-07-20 21:11:54,874 client broadway decoder initialized
2020-07-20 21:11:55,103 client broadway decoder initialized
2020-07-20 21:11:55,215 client broadway decoder initialized
2020-07-20 21:11:55,690 client broadway decoder initialized
2020-07-20 21:11:55,761 client broadway decoder initialized
2020-07-20 21:11:55,849 client broadway decoder initialized
2020-07-20 21:12:00,961 client broadway decoder initialized
2020-07-20 21:12:01,264 client broadway decoder initialized
2020-07-20 21:12:02,989 client broadway decoder initialized
2020-07-20 21:12:03,196 client broadway decoder initialized
2020-07-20 21:12:10,626 client broadway decoder initialized
2020-07-20 21:12:10,803 client broadway decoder initialized
2020-07-20 21:12:15,727 client broadway decoder initialized
2020-07-20 21:12:18,434 client broadway decoder initialized
2020-07-20 21:12:22,184 client broadway decoder initialized
2020-07-20 21:12:24,212 client broadway decoder initialized
2020-07-20 21:12:24,859 client broadway decoder initialized
2020-07-20 21:12:31,195 client broadway decoder initialized
2020-07-20 21:12:33,031 client broadway decoder initialized
2020-07-20 21:14:47,604 client visibilitychange hidden= true
2020-07-20 21:16:34,327 client visibilitychange hidden= false
2020-07-20 21:18:43,050 client visibilitychange hidden= true
2020-07-20 21:19:28,207 client visibilitychange hidden= false
2020-07-20 21:19:45,515 client visibilitychange hidden= true
2020-07-20 21:20:02,116 client visibilitychange hidden= false
2020-07-20 21:20:44,906 client visibilitychange hidden= true
2020-07-20 21:20:51,157 client visibilitychange hidden= false
2020-07-20 21:21:00,228 client visibilitychange hidden= true
2020-07-20 21:21:36,948 client visibilitychange hidden= false
2020-07-20 21:22:04,549 client broadway decoder initialized
2020-07-20 21:22:06,721 client broadway decoder initialized
2020-07-20 21:22:09,481 client broadway decoder initialized
2020-07-20 21:22:16,932 client broadway decoder initialized
2020-07-20 21:22:19,919 client broadway decoder initialized
2020-07-20 21:22:20,893 client broadway decoder initialized
2020-07-20 21:22:21,673 client broadway decoder initialized
2020-07-20 21:22:23,280 client broadway decoder initialized
2020-07-20 21:22:24,596 client broadway decoder initialized
2020-07-20 21:23:16,732 client broadway decoder initialized
2020-07-20 21:23:17,413 client broadway decoder initialized
2020-07-20 21:23:17,724 client broadway decoder initialized
2020-07-20 21:23:17,761 client broadway decoder initialized
2020-07-20 21:23:26,498 client broadway decoder initialized
2020-07-20 21:23:26,569 client broadway decoder initialized
2020-07-20 21:23:26,646 client broadway decoder initialized
2020-07-20 21:23:51,764 client visibilitychange hidden= true
2020-07-20 21:24:19,641 client visibilitychange hidden= false
2020-07-20 21:24:30,003 client broadway decoder initialized
2020-07-20 21:24:33,623 client broadway decoder initialized
2020-07-20 21:24:41,578 client visibilitychange hidden= true
2020-07-20 21:26:08,574 client visibilitychange hidden= false
2020-07-20 21:26:11,157 client visibilitychange hidden= true
2020-07-20 21:26:37,329 client visibilitychange hidden= false
2020-07-20 21:27:08,487 client broadway decoder initialized
2020-07-20 21:27:08,612 client broadway decoder initialized
2020-07-20 21:27:09,452 client broadway decoder initialized
2020-07-20 21:27:10,310 client broadway decoder initialized
2020-07-20 21:27:16,324 client broadway decoder initialized
2020-07-20 21:27:16,611 client broadway decoder initialized
2020-07-20 21:27:18,758 client broadway decoder initialized
2020-07-20 21:27:19,643 client broadway decoder initialized
2020-07-20 21:27:20,664 client broadway decoder initialized
2020-07-20 21:27:21,826 client broadway decoder initialized
2020-07-20 21:27:22,754 client broadway decoder initialized
2020-07-20 21:27:23,621 client broadway decoder initialized
2020-07-20 21:27:51,873 client broadway decoder initialized
2020-07-20 21:27:53,606 client broadway decoder initialized
2020-07-20 21:27:53,941 client broadway decoder initialized
2020-07-20 21:27:55,244 client broadway decoder initialized
2020-07-20 21:27:55,713 client broadway decoder initialized
2020-07-20 21:27:55,888 client broadway decoder initialized
2020-07-20 21:27:58,129 client broadway decoder initialized
2020-07-20 21:28:09,379 client broadway decoder initialized
2020-07-20 21:28:16,615 client broadway decoder initialized
2020-07-20 21:28:23,980 client broadway decoder initialized
2020-07-20 21:28:25,800 client broadway decoder initialized
2020-07-20 21:28:35,579 client visibilitychange hidden= true
2020-07-20 21:28:36,307 client visibilitychange hidden= false
2020-07-20 21:28:42,113 client visibilitychange hidden= true
2020-07-20 21:29:03,409 client visibilitychange hidden= false
2020-07-20 21:29:08,790 client broadway decoder initialized
2020-07-20 21:29:11,868 client broadway decoder initialized
2020-07-20 21:29:17,777 client broadway decoder initialized
2020-07-20 21:29:20,961 client broadway decoder initialized
2020-07-20 21:29:36,358 client visibilitychange hidden= true
2020-07-20 21:30:18,120 client visibilitychange hidden= false
2020-07-20 21:30:30,065 client broadway decoder initialized
2020-07-20 21:30:32,816 client broadway decoder initialized
2020-07-20 21:31:29,323 client broadway decoder initialized
2020-07-20 21:34:05,804 client visibilitychange hidden= true
2020-07-20 21:34:20,054 client visibilitychange hidden= false
2020-07-20 21:34:21,454 client broadway decoder initialized
2020-07-20 21:34:21,505 client broadway decoder initialized
2020-07-20 21:34:23,607 client broadway decoder initialized
2020-07-20 21:34:24,214 client broadway decoder initialized
2020-07-20 21:34:24,528 client broadway decoder initialized
2020-07-20 21:34:29,245 client broadway decoder initialized
2020-07-20 21:34:42,871 client visibilitychange hidden= true
2020-07-20 21:34:46,976 client visibilitychange hidden= false
2020-07-20 21:34:49,053 client broadway decoder initialized
2020-07-20 21:34:49,138 client broadway decoder initialized
2020-07-20 21:34:49,753 client broadway decoder initialized
2020-07-20 21:34:50,713 client broadway decoder initialized
2020-07-20 21:34:51,161 client broadway decoder initialized
2020-07-20 21:34:51,546 client broadway decoder initialized
2020-07-20 21:34:51,701 client broadway decoder initialized
2020-07-20 21:35:20,163 client visibilitychange hidden= true
2020-07-20 21:35:32,689 client visibilitychange hidden= false
2020-07-20 21:35:44,754 client broadway decoder initialized
2020-07-20 21:35:49,059 client broadway decoder initialized
2020-07-20 21:36:14,867 client visibilitychange hidden= true
2020-07-20 21:36:32,333 client visibilitychange hidden= false
2020-07-20 21:37:31,083 client broadway decoder initialized
2020-07-20 21:37:31,713 client broadway decoder initialized
2020-07-20 21:37:31,729 client broadway decoder initialized
2020-07-20 21:37:33,248 client broadway decoder initialized
2020-07-20 21:37:33,265 client broadway decoder initialized
2020-07-20 21:37:34,648 client broadway decoder initialized
2020-07-20 21:37:35,217 client broadway decoder initialized
2020-07-20 21:37:38,059 client broadway decoder initialized
2020-07-20 21:37:38,383 client broadway decoder initialized
2020-07-20 21:37:39,963 client broadway decoder initialized
2020-07-20 21:38:34,486 client broadway decoder initialized
2020-07-20 21:38:46,979 client visibilitychange hidden= true
2020-07-20 21:38:50,057 client visibilitychange hidden= false
2020-07-20 21:39:03,379 client broadway decoder initialized
2020-07-20 21:39:03,446 client broadway decoder initialized
2020-07-20 21:39:03,967 client broadway decoder initialized
2020-07-20 21:39:04,712 client broadway decoder initialized
2020-07-20 21:39:04,806 client broadway decoder initialized
2020-07-20 21:39:28,161 client broadway decoder initialized
2020-07-20 21:39:52,223 client visibilitychange hidden= true
2020-07-20 21:40:55,597 client visibilitychange hidden= false
2020-07-20 21:40:58,546 client broadway decoder initialized
2020-07-20 21:40:59,539 client broadway decoder initialized
2020-07-20 21:41:00,968 client broadway decoder initialized
2020-07-20 21:41:01,263 client broadway decoder initialized
2020-07-20 21:41:01,313 client broadway decoder initialized
2020-07-20 21:41:02,921 client broadway decoder initialized
2020-07-20 21:41:24,368 client visibilitychange hidden= true
2020-07-20 21:41:26,483 client visibilitychange hidden= false
2020-07-20 21:41:33,872 client visibilitychange hidden= true
2020-07-20 21:41:37,389 client visibilitychange hidden= false
2020-07-20 21:41:44,656 client visibilitychange hidden= true
2020-07-20 21:41:44,703 client visibilitychange hidden= false
2020-07-20 21:42:54,442 client broadway decoder initialized
2020-07-20 21:42:55,289 client broadway decoder initialized
2020-07-20 21:42:56,984 client broadway decoder initialized
2020-07-20 21:42:56,996 client broadway decoder initialized
2020-07-20 21:42:58,482 client broadway decoder initialized
2020-07-20 21:43:00,423 client broadway decoder initialized
2020-07-20 21:43:01,146 client broadway decoder initialized
2020-07-20 21:43:02,014 client broadway decoder initialized
2020-07-20 21:46:57,829 client visibilitychange hidden= true
2020-07-20 21:52:55,518 client visibilitychange hidden= false
2020-07-20 21:52:56,518 client visibilitychange hidden= true
2020-07-20 21:53:00,070 client visibilitychange hidden= false
2020-07-20 21:53:21,620 client broadway decoder initialized
2020-07-20 21:53:30,057 client visibilitychange hidden= true
2020-07-20 21:53:32,587 client visibilitychange hidden= false
2020-07-20 21:54:04,300 client broadway decoder initialized
2020-07-20 21:54:04,354 client broadway decoder initialized
2020-07-20 21:54:06,588 client broadway decoder initialized
2020-07-20 21:54:06,599 client broadway decoder initialized
2020-07-20 21:54:07,853 client broadway decoder initialized
2020-07-20 22:08:16,675 client broadway decoder initialized
2020-07-20 22:08:19,224 client broadway decoder initialized
2020-07-20 22:08:19,230 client broadway decoder initialized
2020-07-20 22:08:20,782 client broadway decoder initialized
2020-07-20 22:08:22,549 client broadway decoder initialized
2020-07-20 22:08:23,819 client broadway decoder initialized
2020-07-20 22:09:49,464 client visibilitychange hidden= true
2020-07-20 22:09:49,608 client visibilitychange hidden= false
2020-07-20 22:09:50,964 client visibilitychange hidden= true
2020-07-20 22:09:54,203 client visibilitychange hidden= false
2020-07-20 22:09:54,671 client visibilitychange hidden= true
2020-07-20 22:10:00,711 client visibilitychange hidden= false
2020-07-20 22:10:01,369 client visibilitychange hidden= true
2020-07-20 22:10:20,299 client visibilitychange hidden= false
2020-07-20 22:10:21,215 client visibilitychange hidden= true
2020-07-20 22:10:26,436 client visibilitychange hidden= false
2020-07-20 22:10:26,998 client visibilitychange hidden= true
2020-07-20 22:10:40,893 client visibilitychange hidden= false
2020-07-20 22:10:41,431 client visibilitychange hidden= true
2020-07-20 22:10:59,524 client visibilitychange hidden= false
2020-07-20 22:11:00,317 client visibilitychange hidden= true
2020-07-20 22:11:02,269 client visibilitychange hidden= false
2020-07-20 22:11:03,416 client visibilitychange hidden= true
2020-07-20 22:11:12,430 client visibilitychange hidden= false
2020-07-20 22:11:13,409 client visibilitychange hidden= true
2020-07-20 22:11:26,960 client visibilitychange hidden= false
2020-07-20 22:11:27,639 client visibilitychange hidden= true
2020-07-20 22:11:34,933 client visibilitychange hidden= false
2020-07-20 22:11:35,872 client visibilitychange hidden= true
2020-07-20 22:12:06,266 client visibilitychange hidden= false
2020-07-20 22:12:07,731 client visibilitychange hidden= true
2020-07-20 22:12:16,603 client visibilitychange hidden= false
2020-07-20 22:12:17,202 client visibilitychange hidden= true
2020-07-20 22:12:23,500 client visibilitychange hidden= false
2020-07-20 22:12:24,002 client visibilitychange hidden= true
2020-07-20 22:12:39,371 client visibilitychange hidden= false
2020-07-20 22:12:40,291 client visibilitychange hidden= true
2020-07-20 22:12:48,724 client visibilitychange hidden= false
2020-07-20 22:12:49,310 client visibilitychange hidden= true
2020-07-20 22:13:12,964 client visibilitychange hidden= false
2020-07-20 22:13:13,758 client visibilitychange hidden= true
2020-07-20 22:13:16,651 client visibilitychange hidden= false
2020-07-20 22:13:17,482 client visibilitychange hidden= true
2020-07-20 22:13:27,603 client visibilitychange hidden= false
2020-07-20 22:13:28,557 client visibilitychange hidden= true
2020-07-20 22:13:29,639 client visibilitychange hidden= false
2020-07-20 22:13:30,499 client visibilitychange hidden= true
2020-07-20 22:14:54,853 client visibilitychange hidden= false
2020-07-20 22:14:55,609 client visibilitychange hidden= true
2020-07-20 22:15:03,118 client visibilitychange hidden= false
2020-07-20 22:15:03,690 client visibilitychange hidden= true
2020-07-20 22:53:19,163 client visibilitychange hidden= false
2020-07-20 22:53:20,203 client visibilitychange hidden= true
2020-07-20 22:53:30,205 client visibilitychange hidden= false
2020-07-20 22:53:31,023 client visibilitychange hidden= true
2020-07-20 22:53:31,454 client visibilitychange hidden= false
2020-07-20 22:53:32,053 client visibilitychange hidden= true
2020-07-20 23:18:00,501 client visibilitychange hidden= false
2020-07-20 23:18:02,490 client fullscreenchange: undefined
2020-07-20 23:18:02,723 server virtual display now set to 1216x640 (best match for 1280x689)
2020-07-20 23:18:02,723 received updated display dimensions
2020-07-20 23:18:02,723 client display size is 1280x689 with 1 screen:
2020-07-20 23:18:02,723   HTML (339x182 mm - DPI: 95x96)
2020-07-20 23:18:02,723     Canvas
2020-07-20 23:18:02,726 DPI set to 96 x 96
2020-07-20 23:18:03,514 client visibilitychange hidden= true
2020-07-20 23:18:05,997 xpra client 2 disconnected.
2020-07-23 23:53:31,046 Authentication required by env authenticator module 1
2020-07-23 23:53:31,097  sending challenge for username 'abulatek' using hmac+sha256 digest
2020-07-23 23:53:31,180 Handshake complete; enabling connection
2020-07-23 23:53:31,181  automatic picture encoding enabled, also available:
2020-07-23 23:53:31,181   jpeg, png, rgb32, webp, h264, mpeg1
2020-07-23 23:53:31,183 HTML5 Mac OSX Chrome client version 2.5.1
2020-07-23 23:53:31,185 keyboard mapping already configured (skipped)
2020-07-23 23:53:31,186  client root window size is 1280x689 with 1 display:
2020-07-23 23:53:31,186   HTML (339x182 mm - DPI: 95x96)
2020-07-23 23:53:31,186     Canvas
2020-07-23 23:53:31,193 best resolution matching 1280x689 is unchanged: 1216x640
2020-07-23 23:53:31,366 client got hello: server version 2.5.1 accepted our connection
2020-07-23 23:53:31,372 client connection_progress( Session started ,   ,  100 )
2020-07-23 23:53:31,383 client startup complete
2020-07-23 23:53:31,384 client connection-established
2020-07-23 23:53:31,497 temporarily switching to 640x1216 as a Xinerama workaround
2020-07-23 23:53:31,538 server virtual display now set to 1216x640 (best match for 1280x645)
2020-07-23 23:53:31,538 received updated display dimensions
2020-07-23 23:53:31,539 client display size is 1280x645 with 1 screen:
2020-07-23 23:53:31,539   HTML (339x171 mm - DPI: 95x95)
2020-07-23 23:53:31,539     Canvas
2020-07-23 23:53:31,542 DPI set to 96 x 96
2020-07-23 23:53:32,069 temporarily switching to 640x1216 as a Xinerama workaround
2020-07-23 23:53:32,110 server virtual display now set to 1216x640 (best match for 1280x689)
2020-07-23 23:53:32,111 received updated display dimensions
2020-07-23 23:53:32,111 client display size is 1280x689 with 1 screen:
2020-07-23 23:53:32,111   HTML (339x182 mm - DPI: 95x96)
2020-07-23 23:53:32,111     Canvas
2020-07-23 23:53:32,113 DPI set to 96 x 96
2020-07-23 23:53:40,382 client visibilitychange hidden= true
2020-07-23 23:53:55,755 client visibilitychange hidden= false
2020-07-23 23:53:56,040 client broadway decoder initialized
2020-07-23 23:54:01,461 client visibilitychange hidden= true
2020-07-23 23:54:03,068 client visibilitychange hidden= false
2020-07-23 23:54:34,887 client visibilitychange hidden= true
2020-07-23 23:54:53,299 client visibilitychange hidden= false
2020-07-23 23:54:59,790 client visibilitychange hidden= true
2020-07-23 23:55:01,646 client visibilitychange hidden= false
2020-07-23 23:55:03,991 client visibilitychange hidden= true
2020-07-23 23:55:19,304 client visibilitychange hidden= false
2020-07-23 23:56:11,074 client visibilitychange hidden= true
2020-07-23 23:56:25,667 client visibilitychange hidden= false
2020-07-23 23:56:30,745 client visibilitychange hidden= true
2020-07-23 23:56:51,290 client visibilitychange hidden= false
2020-07-23 23:56:57,755 client visibilitychange hidden= true
2020-07-23 23:57:08,722 client visibilitychange hidden= false
2020-07-23 23:57:22,440 client visibilitychange hidden= true
2020-07-23 23:58:18,736 client visibilitychange hidden= false
2020-07-23 23:58:29,688 client visibilitychange hidden= true
2020-07-23 23:59:22,147 client visibilitychange hidden= false
2020-07-23 23:59:50,156 client visibilitychange hidden= true
2020-07-23 23:59:51,917 client visibilitychange hidden= false
2020-07-23 23:59:52,129 client visibilitychange hidden= true
2020-07-23 23:59:57,457 client visibilitychange hidden= false
2020-07-24 00:00:02,963 client visibilitychange hidden= true
2020-07-24 00:00:28,460 client visibilitychange hidden= false
2020-07-24 00:00:33,018 client visibilitychange hidden= true
2020-07-24 00:00:58,558 client visibilitychange hidden= false
2020-07-24 00:01:04,583 client visibilitychange hidden= true
2020-07-24 00:01:23,627 client visibilitychange hidden= false
2020-07-24 00:01:28,126 client visibilitychange hidden= true
2020-07-24 00:01:45,684 client visibilitychange hidden= false
2020-07-24 00:01:57,497 client visibilitychange hidden= true
2020-07-24 00:02:30,504 client visibilitychange hidden= false
2020-07-24 00:02:36,928 client visibilitychange hidden= true
2020-07-24 00:03:10,255 client visibilitychange hidden= false
2020-07-24 00:03:14,999 client visibilitychange hidden= true
2020-07-24 00:03:46,089 client visibilitychange hidden= false
2020-07-24 00:04:37,192 client visibilitychange hidden= true
2020-07-24 00:06:17,433 client visibilitychange hidden= false
2020-07-24 00:06:23,454 client visibilitychange hidden= true
2020-07-24 00:06:33,000 client visibilitychange hidden= false
2020-07-24 00:06:34,498 client visibilitychange hidden= true
2020-07-24 00:13:17,671 client visibilitychange hidden= false
2020-07-24 00:13:19,774 xpra client 3 disconnected.
2020-07-24 14:52:00,813 Authentication required by env authenticator module 1
2020-07-24 14:52:00,856  sending challenge for username 'abulatek' using hmac+sha256 digest
2020-07-24 14:52:00,935 Handshake complete; enabling connection
2020-07-24 14:52:00,937  automatic picture encoding enabled, also available:
2020-07-24 14:52:00,937   jpeg, png, rgb32, webp, h264, mpeg1
2020-07-24 14:52:00,938 HTML5 Mac OSX Chrome client version 2.5.1
2020-07-24 14:52:00,941 keyboard mapping already configured (skipped)
2020-07-24 14:52:00,942  client root window size is 1280x689 with 1 display:
2020-07-24 14:52:00,942   HTML (339x182 mm - DPI: 95x96)
2020-07-24 14:52:00,942     Canvas
2020-07-24 14:52:00,950 best resolution matching 1280x689 is unchanged: 1216x640
2020-07-24 14:52:01,112 client got hello: server version 2.5.1 accepted our connection
2020-07-24 14:52:01,117 client connection_progress( Session started ,   ,  100 )
2020-07-24 14:52:01,142 client startup complete
2020-07-24 14:52:01,143 client connection-established
2020-07-24 14:52:04,466 client visibilitychange hidden= true
2020-07-24 14:53:23,722 client visibilitychange hidden= false
2020-07-24 14:53:25,104 client visibilitychange hidden= true
2020-07-24 14:54:05,166 client visibilitychange hidden= false
2020-07-24 14:54:06,455 client visibilitychange hidden= true
2020-07-24 14:59:37,139 client visibilitychange hidden= false
2020-07-24 14:59:38,789 client visibilitychange hidden= true
2020-07-24 15:09:25,205 client visibilitychange hidden= false
2020-07-24 15:09:39,137 client visibilitychange hidden= true
2020-07-24 15:11:18,727 client visibilitychange hidden= false
2020-07-24 15:11:19,826 client visibilitychange hidden= true
2020-07-24 15:11:19,932 client visibilitychange hidden= false
2020-07-24 15:11:20,201 temporarily switching to 640x1216 as a Xinerama workaround
2020-07-24 15:11:20,240 server virtual display now set to 1216x640 (best match for 1280x666)
2020-07-24 15:11:20,240 received updated display dimensions
2020-07-24 15:11:20,240 client display size is 1280x666 with 1 screen:
2020-07-24 15:11:20,240   HTML (339x176 mm - DPI: 95x96)
2020-07-24 15:11:20,240     Canvas
2020-07-24 15:11:20,242 DPI set to 96 x 96
2020-07-24 15:11:20,287 client visibilitychange hidden= true
2020-07-24 15:11:20,831 client visibilitychange hidden= false
2020-07-24 15:11:20,859 temporarily switching to 640x1216 as a Xinerama workaround
2020-07-24 15:11:20,898 server virtual display now set to 1216x640 (best match for 1280x689)
2020-07-24 15:11:20,898 received updated display dimensions
2020-07-24 15:11:20,898 client display size is 1280x689 with 1 screen:
2020-07-24 15:11:20,898   HTML (339x182 mm - DPI: 95x96)
2020-07-24 15:11:20,898     Canvas
2020-07-24 15:11:20,906 DPI set to 96 x 96
2020-07-24 15:11:22,406 client visibilitychange hidden= true
2020-07-24 15:11:24,228 client visibilitychange hidden= false
2020-07-24 15:11:29,214 client visibilitychange hidden= true
2020-07-24 15:11:30,198 client visibilitychange hidden= false
2020-07-24 15:11:31,643 client visibilitychange hidden= true
2020-07-24 15:11:46,575 client visibilitychange hidden= false
2020-07-24 15:11:56,403 client visibilitychange hidden= true
2020-07-24 15:12:13,834 client visibilitychange hidden= false
2020-07-24 15:12:15,994 client visibilitychange hidden= true
2020-07-24 15:13:22,383 client visibilitychange hidden= false
2020-07-24 15:13:24,020 client visibilitychange hidden= true
2020-07-24 15:14:29,820 client visibilitychange hidden= false
2020-07-24 15:14:31,301 client visibilitychange hidden= true
2020-07-24 15:15:23,231 client visibilitychange hidden= false
2020-07-24 15:15:34,351 client visibilitychange hidden= true
2020-07-24 15:15:42,719 client visibilitychange hidden= false
2020-07-24 15:16:28,927 client visibilitychange hidden= true
2020-07-24 15:17:35,749 client visibilitychange hidden= false
2020-07-24 15:17:37,557 client visibilitychange hidden= true
2020-07-24 15:17:41,819 client visibilitychange hidden= false
2020-07-24 15:17:43,173 client visibilitychange hidden= true
2020-07-24 15:17:46,047 client visibilitychange hidden= false
2020-07-24 15:17:47,675 client visibilitychange hidden= true
2020-07-24 15:17:49,441 client visibilitychange hidden= false
2020-07-24 15:17:50,868 client visibilitychange hidden= true
2020-07-24 15:17:59,716 client visibilitychange hidden= false
2020-07-24 15:18:01,300 client visibilitychange hidden= true
2020-07-24 15:19:15,432 client visibilitychange hidden= false
2020-07-24 15:19:22,040 client visibilitychange hidden= true
2020-07-24 15:19:22,332 client visibilitychange hidden= false
2020-07-24 15:19:26,639 client visibilitychange hidden= true
2020-07-24 15:20:15,758 client visibilitychange hidden= false
2020-07-24 15:20:16,917 client visibilitychange hidden= true
2020-07-24 15:20:27,025 client visibilitychange hidden= false
2020-07-24 15:20:28,287 client visibilitychange hidden= true
2020-07-24 15:21:39,629 client visibilitychange hidden= false
2020-07-24 15:21:41,056 client visibilitychange hidden= true
2020-07-24 15:22:13,788 client visibilitychange hidden= false
2020-07-24 15:22:16,475 client visibilitychange hidden= true
2020-07-24 15:22:45,568 client visibilitychange hidden= false
2020-07-24 15:22:46,800 client visibilitychange hidden= true
2020-07-24 15:22:47,583 client visibilitychange hidden= false
2020-07-24 15:22:48,200 client visibilitychange hidden= true
2020-07-24 15:22:57,436 client visibilitychange hidden= false
2020-07-24 15:22:58,757 client visibilitychange hidden= true
2020-07-24 15:23:13,521 client visibilitychange hidden= false
2020-07-24 15:23:18,421 client broadway decoder initialized
2020-07-24 15:23:21,474 client visibilitychange hidden= true
2020-07-24 15:23:31,672 client visibilitychange hidden= false
2020-07-24 15:23:40,078 client visibilitychange hidden= true
2020-07-24 15:23:50,540 client visibilitychange hidden= false
2020-07-24 15:23:57,984 client broadway decoder initialized
2020-07-24 15:24:13,193 client visibilitychange hidden= true
2020-07-24 15:25:07,005 client visibilitychange hidden= false
2020-07-24 15:25:13,084 client broadway decoder initialized
2020-07-24 15:25:14,815 client broadway decoder initialized
2020-07-24 15:25:15,210 client broadway decoder initialized
2020-07-24 15:25:20,194 client broadway decoder initialized
2020-07-24 15:25:30,694 client visibilitychange hidden= true
2020-07-24 15:25:37,167 client visibilitychange hidden= false
2020-07-24 15:25:37,865 client visibilitychange hidden= true
2020-07-24 15:26:05,882 client visibilitychange hidden= false
2020-07-24 15:26:08,121 client visibilitychange hidden= true
2020-07-24 15:27:37,450 client visibilitychange hidden= false
2020-07-24 15:27:38,464 client visibilitychange hidden= true
2020-07-24 15:27:47,436 client visibilitychange hidden= false
2020-07-24 15:27:49,794 client visibilitychange hidden= true
2020-07-24 15:27:50,241 client visibilitychange hidden= false
2020-07-24 15:27:50,839 client visibilitychange hidden= true
2020-07-24 15:28:49,059 client visibilitychange hidden= false
2020-07-24 15:28:50,299 client visibilitychange hidden= true
2020-07-24 15:29:03,640 client visibilitychange hidden= false
2020-07-24 15:29:04,833 client visibilitychange hidden= true
2020-07-24 15:29:11,529 client visibilitychange hidden= false
2020-07-24 15:29:12,553 client visibilitychange hidden= true
2020-07-24 15:29:20,532 client visibilitychange hidden= false
2020-07-24 15:29:21,655 client visibilitychange hidden= true
2020-07-24 15:29:28,406 client visibilitychange hidden= false
2020-07-24 15:29:29,224 client visibilitychange hidden= true
2020-07-24 15:29:30,261 client visibilitychange hidden= false
2020-07-24 15:29:30,874 client visibilitychange hidden= true
2020-07-24 15:29:32,300 client visibilitychange hidden= false
2020-07-24 15:29:33,274 client visibilitychange hidden= true
2020-07-24 15:29:35,744 client visibilitychange hidden= false
2020-07-24 15:29:36,412 client visibilitychange hidden= true
2020-07-24 15:30:53,598 client visibilitychange hidden= false
2020-07-24 15:30:54,282 client visibilitychange hidden= true
2020-07-24 17:21:51,613 client visibilitychange hidden= false
2020-07-24 17:21:52,797 client visibilitychange hidden= true
2020-07-24 17:28:08,474 client visibilitychange hidden= false
2020-07-24 17:28:10,575 client visibilitychange hidden= true
2020-07-24 17:29:22,436 client visibilitychange hidden= false
2020-07-24 17:29:23,301 client visibilitychange hidden= true
2020-07-24 17:29:31,720 client visibilitychange hidden= false
2020-07-24 17:29:32,906 client visibilitychange hidden= true
2020-07-24 17:31:49,701 client visibilitychange hidden= false
2020-07-24 17:31:52,319 client visibilitychange hidden= true
2020-07-24 17:35:54,373 client visibilitychange hidden= false
2020-07-24 17:36:15,361 client visibilitychange hidden= true
slurmstepd: error: *** JOB 56013899 ON i21a-s3 CANCELLED AT 2020-07-24T19:10:19 DUE TO TIME LIMIT ***
